[debug] [2019-03-02T07:38:49.834Z] ----------------------------------------------------------------------
[debug] [2019-03-02T07:38:49.837Z] Command:       C:\Program Files\nodejs\node.exe C:\Users\HungPh\AppData\Roaming\npm\node_modules\firebase-tools\lib\bin\firebase.js deploy --only functions
[debug] [2019-03-02T07:38:49.837Z] CLI Version:   6.4.0
[debug] [2019-03-02T07:38:49.838Z] Platform:      win32
[debug] [2019-03-02T07:38:49.838Z] Node Version:  v10.15.1
[debug] [2019-03-02T07:38:49.839Z] Time:          Sat Mar 02 2019 14:38:49 GMT+0700 (Indochina Time)
[debug] [2019-03-02T07:38:49.839Z] ----------------------------------------------------------------------
[debug] 
[debug] [2019-03-02T07:38:49.852Z] > command requires scopes: ["email","openid","https://www.googleapis.com/auth/cloudplatformprojects.readonly","https://www.googleapis.com/auth/firebase","https://www.googleapis.com/auth/cloud-platform"]
[debug] [2019-03-02T07:38:49.852Z] > authorizing via signed-in user
[debug] [2019-03-02T07:38:49.852Z] [iam] checking project facereg-805ec for permissions ["cloudfunctions.functions.create","cloudfunctions.functions.delete","cloudfunctions.functions.get","cloudfunctions.functions.list","cloudfunctions.functions.update","cloudfunctions.operations.get","firebase.projects.get"]
[debug] [2019-03-02T07:38:49.855Z] > refreshing access token with scopes: ["email","https://www.googleapis.com/auth/cloud-platform","https://www.googleapis.com/auth/cloudplatformprojects.readonly","https://www.googleapis.com/auth/firebase","openid"]
[debug] [2019-03-02T07:38:49.855Z] >>> HTTP REQUEST POST https://www.googleapis.com/oauth2/v3/token  
 <request body omitted>
[debug] [2019-03-02T07:38:50.157Z] <<< HTTP RESPONSE 200
[debug] [2019-03-02T07:38:50.170Z] >>> HTTP REQUEST POST https://cloudresourcemanager.googleapis.com/v1/projects/facereg-805ec:testIamPermissions  

[debug] [2019-03-02T07:38:51.300Z] <<< HTTP RESPONSE 200
[info] 
[info] === Deploying to 'facereg-805ec'...
[info] 
[info] i  deploying functions
[info] Running command: npm --prefix "$RESOURCE_DIR" run lint
[info] +  functions: Finished running predeploy script.
[debug] [2019-03-02T07:38:57.530Z] > [functions] package.json contents: {
  "name": "functions",
  "description": "Cloud Functions for Firebase",
  "scripts": {
    "lint": "eslint .",
    "serve": "firebase serve --only functions",
    "shell": "firebase functions:shell",
    "start": "npm run shell",
    "deploy": "firebase deploy --only functions",
    "logs": "firebase functions:log"
  },
  "dependencies": {
    "firebase-admin": "~7.0.0",
    "firebase-functions": "^2.2.0",
    "express": "^4.16.4",
    "body-parser": "^1.18.3",
    "lodash": "^4.17.11",
    "request": "^2.88.0"
  },
  "devDependencies": {
    "eslint": "^5.12.0",
    "eslint-plugin-promise": "^4.0.1"
  },
  "private": true
}
[info] i  functions: ensuring necessary APIs are enabled...
[debug] [2019-03-02T07:38:57.531Z] >>> HTTP REQUEST GET https://servicemanagement.googleapis.com/v1/services/cloudfunctions.googleapis.com/projectSettings/facereg-805ec?view=CONSUMER_VIEW  
 
[debug] [2019-03-02T07:38:57.532Z] >>> HTTP REQUEST GET https://servicemanagement.googleapis.com/v1/services/runtimeconfig.googleapis.com/projectSettings/facereg-805ec?view=CONSUMER_VIEW  
 
[debug] [2019-03-02T07:38:59.480Z] <<< HTTP RESPONSE 200
[debug] [2019-03-02T07:38:59.496Z] <<< HTTP RESPONSE 200
[info] +  functions: all necessary APIs are enabled
[debug] [2019-03-02T07:38:59.497Z] >>> HTTP REQUEST GET https://cloudresourcemanager.googleapis.com/v1/projects/facereg-805ec  
 
[debug] [2019-03-02T07:39:00.653Z] <<< HTTP RESPONSE 200
[debug] [2019-03-02T07:39:00.654Z] >>> HTTP REQUEST GET https://mobilesdk-pa.googleapis.com/v1/projects/167918342485:getServerAppConfig  
 
[debug] [2019-03-02T07:39:01.362Z] <<< HTTP RESPONSE 200
[info] i  functions: preparing functions directory for uploading...
[debug] [2019-03-02T07:39:01.367Z] >>> HTTP REQUEST GET https://runtimeconfig.googleapis.com/v1beta1/projects/facereg-805ec/configs  
 
[debug] [2019-03-02T07:39:01.761Z] <<< HTTP RESPONSE 200
[info] i  functions: packaged functions (42.52 KB) for uploading
[debug] [2019-03-02T07:39:02.490Z] >>> HTTP REQUEST POST https://cloudfunctions.googleapis.com/v1/projects/facereg-805ec/locations/us-central1/functions:generateUploadUrl  
 
[debug] [2019-03-02T07:39:03.017Z] <<< HTTP RESPONSE 200
[debug] [2019-03-02T07:39:03.018Z] >>> HTTP REQUEST PUT https://storage.googleapis.com/gcf-upload-us-central1-02c35c7f-69d7-4d4f-a105-a0949a76b143/4203679a-d227-4e93-8f01-719f11d59df5.zip?GoogleAccessId=service-167918342485@gcf-admin-robot.iam.gserviceaccount.com&Expires=1551514144&Signature=iweJ1OxQT6Bo4NbJe%2F3jteMXYj4xVk46kscKtrwU0YeLafqsWIxAg3OmIfvZvkAAwVDaaxd0LO2Q1AI55Cerz7LfaJbHVZkNkifuw0xoT24h8uymhnhzdw7X9j0Qrn0vKCtm2Y3TJylv0RgKkLgq9pL4wghSNtTPjkd%2BJNek%2BrIm%2B77AYEZDlLxwHts3F9OpO4hGcWbVoeu5njI4lf4uUoSHYGczJ9j98icRZckiAi66WKzFMkXuIbkW9ikSffs0XmBwGPxgUprOn7AvpMHkUoRLCxQssyd60Df0u5FoOC0DlcQ0vIppnQrELHGsaQ8MAqS4mjvhnz8azA6x8%2Bju5g%3D%3D  

[debug] [2019-03-02T07:39:03.616Z] <<< HTTP RESPONSE 200
[info] +  functions: functions folder uploaded successfully
[debug] [2019-03-02T07:39:03.620Z] >>> HTTP REQUEST GET https://cloudfunctions.googleapis.com/v1/projects/facereg-805ec/locations/-/functions  
 
[debug] [2019-03-02T07:39:04.085Z] <<< HTTP RESPONSE 200
[info] i  functions: creating Node.js 6 function botapp(us-central1)...
[debug] [2019-03-02T07:39:04.088Z] Trigger is:  {"httpsTrigger":{}}
[info] 
The following functions are found in your project but do not exist in your local source code:
	helloWorld(us-central1)

If you are renaming a function or changing its region, it is recommended that you create the new function first before deleting the old one to prevent event loss. For more info, visit https://firebase.google.com/docs/functions/manage-functions#modify

[info] i  functions: deleting function helloWorld(us-central1)...
[debug] [2019-03-02T07:39:13.429Z] >>> HTTP REQUEST POST https://cloudfunctions.googleapis.com/v1/projects/facereg-805ec/locations/us-central1/functions  

[debug] [2019-03-02T07:39:13.430Z] >>> HTTP REQUEST DELETE https://cloudfunctions.googleapis.com/v1/projects/facereg-805ec/locations/us-central1/functions/helloWorld  
 
[debug] [2019-03-02T07:39:13.965Z] <<< HTTP RESPONSE 200
[debug] [2019-03-02T07:39:13.974Z] <<< HTTP RESPONSE 200
[debug] [2019-03-02T07:39:13.976Z] >>> HTTP REQUEST GET https://cloudfunctions.googleapis.com/v1/projects/facereg-805ec/locations/-/functions  
 
[debug] [2019-03-02T07:39:14.472Z] <<< HTTP RESPONSE 200
[debug] [2019-03-02T07:39:14.473Z] >>> HTTP REQUEST GET https://cloudfunctions.googleapis.com/v1/operations/ZmFjZXJlZy04MDVlYy91cy1jZW50cmFsMS9ib3RhcHAvT01YNV9yWnFqdHM  
 
[debug] [2019-03-02T07:39:14.474Z] >>> HTTP REQUEST GET https://cloudfunctions.googleapis.com/v1/operations/ZmFjZXJlZy04MDVlYy91cy1jZW50cmFsMS9oZWxsb1dvcmxkL2lmdkxqbGJKd19N  
 
[debug] [2019-03-02T07:39:14.819Z] <<< HTTP RESPONSE 200
[debug] [2019-03-02T07:39:14.835Z] <<< HTTP RESPONSE 200
[debug] [2019-03-02T07:39:16.821Z] >>> HTTP REQUEST GET https://cloudfunctions.googleapis.com/v1/operations/ZmFjZXJlZy04MDVlYy91cy1jZW50cmFsMS9ib3RhcHAvT01YNV9yWnFqdHM  
 
[debug] [2019-03-02T07:39:16.836Z] >>> HTTP REQUEST GET https://cloudfunctions.googleapis.com/v1/operations/ZmFjZXJlZy04MDVlYy91cy1jZW50cmFsMS9oZWxsb1dvcmxkL2lmdkxqbGJKd19N  
 
[debug] [2019-03-02T07:39:17.162Z] <<< HTTP RESPONSE 200
[debug] [2019-03-02T07:39:17.168Z] <<< HTTP RESPONSE 200
[debug] [2019-03-02T07:39:19.163Z] >>> HTTP REQUEST GET https://cloudfunctions.googleapis.com/v1/operations/ZmFjZXJlZy04MDVlYy91cy1jZW50cmFsMS9ib3RhcHAvT01YNV9yWnFqdHM  
 
[debug] [2019-03-02T07:39:19.169Z] >>> HTTP REQUEST GET https://cloudfunctions.googleapis.com/v1/operations/ZmFjZXJlZy04MDVlYy91cy1jZW50cmFsMS9oZWxsb1dvcmxkL2lmdkxqbGJKd19N  
 
[debug] [2019-03-02T07:39:19.497Z] <<< HTTP RESPONSE 200
[debug] [2019-03-02T07:39:19.550Z] <<< HTTP RESPONSE 200
[info] +  functions[helloWorld(us-central1)]: Successful delete operation. 
[debug] [2019-03-02T07:39:21.498Z] >>> HTTP REQUEST GET https://cloudfunctions.googleapis.com/v1/operations/ZmFjZXJlZy04MDVlYy91cy1jZW50cmFsMS9ib3RhcHAvT01YNV9yWnFqdHM  
 
[debug] [2019-03-02T07:39:21.831Z] <<< HTTP RESPONSE 200
